PLINK v1.90b6.21 64-bit (19 Oct 2020)
Options in effect:
  --double-id
  --extract NR369pruned.prune.in
  --out Half184pca
  --pca
  --vcf Half184.recode.vcf

Hostname: admin
Working directory: /data/liusq/KP_PCA/paper/PCA/halfsample
Start time: Fri Dec 13 16:14:39 2024

Random number seed: 1734077679
1031449 MB RAM detected; reserving 515724 MB for main workspace.
Allocated 386793 MB successfully, after larger attempt(s) failed.
--vcf: Half184pca-temporary.bed + Half184pca-temporary.bim +
Half184pca-temporary.fam written.
102226 variants loaded from .bim file.
189 people (0 males, 0 females, 189 ambiguous) loaded from .fam.
Ambiguous sex IDs written to Half184pca.nosex .
--extract: 33589 variants remaining.
Using up to 95 threads (change this with --threads).
Before main variant filters, 189 founders and 0 nonfounders present.
Calculating allele frequencies... done.
Total genotyping rate is 0.996252.
33589 variants and 189 people pass filters and QC.
Note: No phenotypes present.
Relationship matrix calculation complete.
--pca: Results saved to Half184pca.eigenval and Half184pca.eigenvec .

End time: Fri Dec 13 16:14:39 2024
