PLINK v1.90b6.21 64-bit (19 Oct 2020)
Options in effect:
  --double-id
  --extract NR369pruned.prune.in
  --out Half185pca
  --pca
  --vcf Half185.recode.vcf

Hostname: admin
Working directory: /data/liusq/KP_PCA/paper/PCA/halfsample
Start time: Fri Dec 13 16:14:44 2024

Random number seed: 1734077684
1031449 MB RAM detected; reserving 515724 MB for main workspace.
Allocated 386793 MB successfully, after larger attempt(s) failed.
--vcf: Half185pca-temporary.bed + Half185pca-temporary.bim +
Half185pca-temporary.fam written.
102226 variants loaded from .bim file.
180 people (0 males, 0 females, 180 ambiguous) loaded from .fam.
Ambiguous sex IDs written to Half185pca.nosex .
--extract: 33589 variants remaining.
Using up to 95 threads (change this with --threads).
Before main variant filters, 180 founders and 0 nonfounders present.
Calculating allele frequencies... done.
Total genotyping rate is 0.99613.
33589 variants and 180 people pass filters and QC.
Note: No phenotypes present.
Relationship matrix calculation complete.
--pca: Results saved to Half185pca.eigenval and Half185pca.eigenvec .

End time: Fri Dec 13 16:14:45 2024
