PLINK v1.90b6.21 64-bit (19 Oct 2020)
Options in effect:
  --double-id
  --extract NR369pruned.prune.in
  --out chr2pca
  --pca
  --vcf chr2.recode.vcf

Hostname: admin
Working directory: /data/liusq/KP_PCA/paper/PCA/halfchrom
Start time: Tue May  7 11:11:29 2024

Random number seed: 1715051489
1031449 MB RAM detected; reserving 515724 MB for main workspace.
--vcf: chr2pca-temporary.bed + chr2pca-temporary.bim + chr2pca-temporary.fam
written.
51113 variants loaded from .bim file.
369 people (0 males, 0 females, 369 ambiguous) loaded from .fam.
Ambiguous sex IDs written to chr2pca.nosex .
--extract: 16920 variants remaining.
Using up to 95 threads (change this with --threads).
Before main variant filters, 369 founders and 0 nonfounders present.
Calculating allele frequencies... done.
Total genotyping rate is 0.996072.
16920 variants and 369 people pass filters and QC.
Note: No phenotypes present.
Relationship matrix calculation complete.
--pca: Results saved to chr2pca.eigenval and chr2pca.eigenvec .

End time: Tue May  7 11:11:30 2024
