// Initial random seed:
2098731458668

// RunInitializeCallbacks():
initializeSLiMModelType(modelType = 'nonWF');
initializeTreeSeq();
initializeMutationType(1, 1, "f", 0);
initializeMutationType(2, 1, "f", 0);
initializeGenomicElementType(1, c(m1, m2), c(1, 1));
initializeGenomicElement(g1, 0, 999999);
initializeMutationRate(1e-06);
initializeRecombinationRate(0);
#WARNING (Species::RunInitializeCallbacks): with tree-sequence recording enabled and a non-zero mutation rate, a neutral mutation type was defined and used; this is legal, but usually undesirable, since neutral mutations can be overlaid later using the tree-sequence information.

// Starting run at tick <start>:
1 

1000
2000
3000
4000
5000
6000
7000
8000
9000
10000
